[debug] [2022-02-25T08:24:44.202Z] ----------------------------------------------------------------------
[debug] [2022-02-25T08:24:44.204Z] Command:       C:\Program Files\nodejs\node.exe C:\Users\USER\AppData\Roaming\npm\node_modules\firebase-tools\lib\bin\firebase.js deploy
[debug] [2022-02-25T08:24:44.205Z] CLI Version:   10.1.5
[debug] [2022-02-25T08:24:44.205Z] Platform:      win32
[debug] [2022-02-25T08:24:44.205Z] Node Version:  v16.13.2
[debug] [2022-02-25T08:24:44.213Z] Time:          Fri Feb 25 2022 14:24:44 GMT+0600 (Bangladesh Standard Time)
[debug] [2022-02-25T08:24:44.214Z] ----------------------------------------------------------------------
[debug] 
[debug] [2022-02-25T08:24:44.318Z] > command requires scopes: ["email","openid","https://www.googleapis.com/auth/cloudplatformprojects.readonly","https://www.googleapis.com/auth/firebase","https://www.googleapis.com/auth/cloud-platform"]
[debug] [2022-02-25T08:24:44.319Z] > authorizing via signed-in user (iasir.arafat.riaz@gmail.com)
[debug] [2022-02-25T08:24:44.319Z] [iam] checking project service-assistant-a2z for permissions ["firebase.projects.get","firebasehosting.sites.update"]
[debug] [2022-02-25T08:24:44.321Z] > refreshing access token with scopes: []
[debug] [2022-02-25T08:24:44.322Z] >>> HTTP REQUEST POST https://www.googleapis.com/oauth2/v3/token  
 <request body omitted>
[debug] [2022-02-25T08:24:44.736Z] <<< HTTP RESPONSE 200 {"date":"Fri, 25 Feb 2022 08:24:46 GMT","expires":"Mon, 01 Jan 1990 00:00:00 GMT","pragma":"no-cache","cache-control":"no-cache, no-store, max-age=0, must-revalidate","content-type":"application/json; charset=utf-8","vary":"X-Origin, Referer, Origin,Accept-Encoding","server":"scaffolding on HTTPServer2","x-xss-protection":"0","x-frame-options":"SAMEORIGIN","x-content-type-options":"nosniff","alt-svc":"h3=\":443\"; ma=2592000,h3-29=\":443\"; ma=2592000,h3-Q050=\":443\"; ma=2592000,h3-Q046=\":443\"; ma=2592000,h3-Q043=\":443\"; ma=2592000,quic=\":443\"; ma=2592000; v=\"46,43\"","accept-ranges":"none","transfer-encoding":"chunked"}
[debug] [2022-02-25T08:24:44.761Z] >>> [apiv2][query] POST https://cloudresourcemanager.googleapis.com/v1/projects/service-assistant-a2z:testIamPermissions [none]
[debug] [2022-02-25T08:24:44.762Z] >>> [apiv2][body] POST https://cloudresourcemanager.googleapis.com/v1/projects/service-assistant-a2z:testIamPermissions {"permissions":["firebase.projects.get","firebasehosting.sites.update"]}
[debug] [2022-02-25T08:24:46.230Z] <<< [apiv2][status] POST https://cloudresourcemanager.googleapis.com/v1/projects/service-assistant-a2z:testIamPermissions 200
[debug] [2022-02-25T08:24:46.231Z] <<< [apiv2][body] POST https://cloudresourcemanager.googleapis.com/v1/projects/service-assistant-a2z:testIamPermissions {"permissions":["firebase.projects.get","firebasehosting.sites.update"]}
[debug] [2022-02-25T08:24:46.233Z] >>> [apiv2][query] GET https://firebase.googleapis.com/v1beta1/projects/service-assistant-a2z [none]
[debug] [2022-02-25T08:24:46.687Z] <<< [apiv2][status] GET https://firebase.googleapis.com/v1beta1/projects/service-assistant-a2z 200
[debug] [2022-02-25T08:24:46.687Z] <<< [apiv2][body] GET https://firebase.googleapis.com/v1beta1/projects/service-assistant-a2z {"projectId":"service-assistant-a2z","projectNumber":"151864933052","displayName":"Service-Assistant-A2Z","name":"projects/service-assistant-a2z","resources":{"hostingSite":"service-assistant-a2z"},"state":"ACTIVE"}
[info] 
[info] === Deploying to 'service-assistant-a2z'...
[info] 
[info] i  deploying hosting 
[debug] [2022-02-25T08:24:46.693Z] > refreshing access token with scopes: ["email","https://www.googleapis.com/auth/cloud-platform","https://www.googleapis.com/auth/cloudplatformprojects.readonly","https://www.googleapis.com/auth/firebase","openid"]
[debug] [2022-02-25T08:24:46.693Z] >>> HTTP REQUEST POST https://www.googleapis.com/oauth2/v3/token  
 <request body omitted>
[debug] [2022-02-25T08:24:46.971Z] <<< HTTP RESPONSE 200 {"date":"Fri, 25 Feb 2022 08:24:48 GMT","expires":"Mon, 01 Jan 1990 00:00:00 GMT","pragma":"no-cache","cache-control":"no-cache, no-store, max-age=0, must-revalidate","content-type":"application/json; charset=utf-8","vary":"X-Origin, Referer, Origin,Accept-Encoding","server":"scaffolding on HTTPServer2","x-xss-protection":"0","x-frame-options":"SAMEORIGIN","x-content-type-options":"nosniff","alt-svc":"h3=\":443\"; ma=2592000,h3-29=\":443\"; ma=2592000,h3-Q050=\":443\"; ma=2592000,h3-Q046=\":443\"; ma=2592000,h3-Q043=\":443\"; ma=2592000,quic=\":443\"; ma=2592000; v=\"46,43\"","accept-ranges":"none","transfer-encoding":"chunked"}
[debug] [2022-02-25T08:24:46.995Z] >>> HTTP REQUEST POST https://firebasehosting.googleapis.com/v1beta1/sites/service-assistant-a2z/versions  
 {"config":{"rewrites":[{"glob":"**","path":"/index.html"}]},"labels":{"deployment-tool":"cli-firebase"}}
[debug] [2022-02-25T08:24:48.914Z] <<< HTTP RESPONSE 200 {"content-type":"application/json; charset=UTF-8","vary":"X-Origin, Referer, Origin,Accept-Encoding","date":"Fri, 25 Feb 2022 08:24:50 GMT","server":"ESF","cache-control":"private","x-xss-protection":"0","x-frame-options":"SAMEORIGIN","x-content-type-options":"nosniff","alt-svc":"h3=\":443\"; ma=2592000,h3-29=\":443\"; ma=2592000,h3-Q050=\":443\"; ma=2592000,h3-Q046=\":443\"; ma=2592000,h3-Q043=\":443\"; ma=2592000,quic=\":443\"; ma=2592000; v=\"46,43\"","accept-ranges":"none","transfer-encoding":"chunked"}
[info] i  hosting[service-assistant-a2z]: beginning deploy... 
[info] i  hosting[service-assistant-a2z]: found 28 files in build 
[debug] [2022-02-25T08:24:50.077Z] > refreshing access token with scopes: []
[debug] [2022-02-25T08:24:50.077Z] >>> HTTP REQUEST POST https://www.googleapis.com/oauth2/v3/token  
 <request body omitted>
[debug] [2022-02-25T08:24:50.079Z] [hosting] hash cache [YnVpbGQ] stored for 28 files
[debug] [2022-02-25T08:24:50.079Z] [hosting][hash queue][FINAL] {"max":1090,"min":9,"avg":74.03571428571429,"active":0,"complete":28,"success":28,"errored":0,"retried":0,"total":28,"elapsed":1100}
[debug] [2022-02-25T08:24:50.311Z] <<< HTTP RESPONSE 200 {"date":"Fri, 25 Feb 2022 08:24:52 GMT","expires":"Mon, 01 Jan 1990 00:00:00 GMT","pragma":"no-cache","cache-control":"no-cache, no-store, max-age=0, must-revalidate","content-type":"application/json; charset=utf-8","vary":"X-Origin, Referer, Origin,Accept-Encoding","server":"scaffolding on HTTPServer2","x-xss-protection":"0","x-frame-options":"SAMEORIGIN","x-content-type-options":"nosniff","alt-svc":"h3=\":443\"; ma=2592000,h3-29=\":443\"; ma=2592000,h3-Q050=\":443\"; ma=2592000,h3-Q046=\":443\"; ma=2592000,h3-Q043=\":443\"; ma=2592000,quic=\":443\"; ma=2592000; v=\"46,43\"","accept-ranges":"none","transfer-encoding":"chunked"}
[debug] [2022-02-25T08:24:50.322Z] >>> [apiv2][query] POST https://firebasehosting.googleapis.com/v1beta1/sites/service-assistant-a2z/versions/dc45e92c6b735c2e:populateFiles [none]
[debug] [2022-02-25T08:24:50.323Z] >>> [apiv2][body] POST https://firebasehosting.googleapis.com/v1beta1/sites/service-assistant-a2z/versions/dc45e92c6b735c2e:populateFiles {"files":{"/favicon.ico":"db00a5a0642be2082de991734ebfa78dc67b6d9bf95bc3f07c62c2e751c955d0\r","/logo192.png":"3ee59515172ee198f3be375979df15ac5345183e656720a381b8872b2a39dc8b\r","/logo512.png":"ee7e2f3fdb8209c4b6fd7bef6ba50d1b9dba30a25bb5c3126df057e1cb6f5331\r","/manifest.json":"aff3449bdc238776f5d6d967f19ec491b36aed5fb7f23ccff6500736fd58494a\r","/robots.txt":"bfe106a3fb878dc83461c86818bf74fc1bdc7f28538ba613cd3e775516ce8b49\r","/Testimonial.json":"45cac9766599201a31f00450d72cc1c73849888b850b48bd7ee171019edd3eb8","/asset-manifest.json":"2c4b8361b73f377e3fa624a3ebbe766ed0b7072eedfb85f10c86f5132c2809c0","/index.html":"85d1b4d19f567b0f12abac0138a5763a360312c0d7da55cfddcdd0f834f6ca77","/static/css/main.43d367e3.css":"bc8e6eb98a1c09be051cc88926d3a8cf1b1217d1e7acba563021265371c9bebe","/static/js/787.3681bfd3.chunk.js":"8b2a17c6a247e7c6483e337422850d9d972267416dc64c036a926a90b3515739","/static/js/787.3681bfd3.chunk.js.map":"c51f18c5c78495133be4a7371e087469dfe9ab4f30ba1c6cde9888f72f27c191","/static/js/main.ede42424.js.LICENSE.txt":"8e3307ebea62f8725bc2e1ca87c1a2d747185857f3077c5f8185cace3799e9d3","/static/media/chat-icon.f032be1de526b90c22006c9ce07d23d8.svg":"18f6d558b38f092fcea12aa13fd4966dc1ecc6739ef8d39be9fc1ae26f6954e7","/static/media/footer-logo.dbed22df78baa7306d36.png":"40ef6fe78632167233901a90cd505d7fb3f4e3d849daaa96ba3d79193cb856c0","/static/media/logo-no-bg.4d881dc9874adc7364eb819a01793fa1.svg":"d08bfc42a3dd4f100b415ce742c3d89b9358f02ef7cf4a288095f4625f5526da","/static/media/notification.aa8f8c40faaac8a754c9.mp3":"eed43f0e0a1d69b724acf4dfa5628b0232d80dcad25bc2118a7beb62da38dc53","/static/media/slick.2630a3e3eab21c607e21.svg":"d00477d40ed40fa1dd3bdee27d9286804121b15fea83bae7d5415d902b055de0","/static/media/slick.295183786cd8a1389865.woff":"029a727c9e1081d2f9e1015f02f18da88f268512ea4f58589a6f17f532928530","/static/media/slick.c94f7671dcc99dce43e2.ttf":"6aad751007cf9a89350af287f824ab64f096c472c7c9c679fb3d55b6174fc004","/static/media/slick.a4e97f5a2a64f0ab1323.eot":"52b9a169969e053d43df6bd21c4dc789c2518d99afd8590a17ef50cd24c77cf6","/static/media/web-logo.cebf5057cdd8add77feb.png":"ed2004c09e6550ae719d2cdb2115269539769762b2cfd4a2deb3ca1253702065","/static/css/main.43d367e3.css.map":"46c723e18e262e55ed4d30266ad1e84ce29e284f115e9a613c4d432d87fdc11b","/static/media/banner-1.6edd390747d155415c47.jpg":"5f0d7dd517a417121019b9ba13a206e2bcd738087c7227e782c43910cb308e20","/static/media/banner-3.49b51c6481643c1e58a1.jpg":"22761bd434bf6a509ab74585a6fdc38f2489dded79f090c1cb9d73baa9510b44","/static/media/banner-2.ac2273852202336bbba9.jpg":"0bb248353477134c215aaefabf6036dd03e3ac8277cac444001ca0c5ddf9b9ea","/static/media/service-details-banner.754fe56ec99327527a5b.png":"8d0af06b51795bb3f68b54c399f3d69df441b1e8119c44553f94140a4b4d385f","/static/js/main.ede42424.js":"bb0fe6695b8a1b2cd02b308c3f118d8182b15d2e508e93a2956cb17b8e99ae24","/static/js/main.ede42424.js.map":"d9beb3739ef8eaa56c85e4d21ad1b23428a93a4b7112ddb9f0344fb6216640cb"}}
[debug] [2022-02-25T08:24:51.928Z] <<< [apiv2][status] POST https://firebasehosting.googleapis.com/v1beta1/sites/service-assistant-a2z/versions/dc45e92c6b735c2e:populateFiles 200
[debug] [2022-02-25T08:24:51.929Z] <<< [apiv2][body] POST https://firebasehosting.googleapis.com/v1beta1/sites/service-assistant-a2z/versions/dc45e92c6b735c2e:populateFiles {"uploadRequiredHashes":["85d1b4d19f567b0f12abac0138a5763a360312c0d7da55cfddcdd0f834f6ca77","bb0fe6695b8a1b2cd02b308c3f118d8182b15d2e508e93a2956cb17b8e99ae24","d9beb3739ef8eaa56c85e4d21ad1b23428a93a4b7112ddb9f0344fb6216640cb","2c4b8361b73f377e3fa624a3ebbe766ed0b7072eedfb85f10c86f5132c2809c0"],"uploadUrl":"https://upload-firebasehosting.googleapis.com/upload/sites/service-assistant-a2z/versions/dc45e92c6b735c2e/files"}
[debug] [2022-02-25T08:24:51.932Z] >>> [apiv2][query] POST https://upload-firebasehosting.googleapis.com/upload/sites/service-assistant-a2z/versions/dc45e92c6b735c2e/files/85d1b4d19f567b0f12abac0138a5763a360312c0d7da55cfddcdd0f834f6ca77 [none]
[debug] [2022-02-25T08:24:51.932Z] >>> [apiv2][body] POST https://upload-firebasehosting.googleapis.com/upload/sites/service-assistant-a2z/versions/dc45e92c6b735c2e/files/85d1b4d19f567b0f12abac0138a5763a360312c0d7da55cfddcdd0f834f6ca77 [stream]
[debug] [2022-02-25T08:24:51.937Z] >>> [apiv2][query] POST https://upload-firebasehosting.googleapis.com/upload/sites/service-assistant-a2z/versions/dc45e92c6b735c2e/files/bb0fe6695b8a1b2cd02b308c3f118d8182b15d2e508e93a2956cb17b8e99ae24 [none]
[debug] [2022-02-25T08:24:51.937Z] >>> [apiv2][body] POST https://upload-firebasehosting.googleapis.com/upload/sites/service-assistant-a2z/versions/dc45e92c6b735c2e/files/bb0fe6695b8a1b2cd02b308c3f118d8182b15d2e508e93a2956cb17b8e99ae24 [stream]
[debug] [2022-02-25T08:24:51.941Z] >>> [apiv2][query] POST https://upload-firebasehosting.googleapis.com/upload/sites/service-assistant-a2z/versions/dc45e92c6b735c2e/files/d9beb3739ef8eaa56c85e4d21ad1b23428a93a4b7112ddb9f0344fb6216640cb [none]
[debug] [2022-02-25T08:24:51.941Z] >>> [apiv2][body] POST https://upload-firebasehosting.googleapis.com/upload/sites/service-assistant-a2z/versions/dc45e92c6b735c2e/files/d9beb3739ef8eaa56c85e4d21ad1b23428a93a4b7112ddb9f0344fb6216640cb [stream]
[debug] [2022-02-25T08:24:51.943Z] >>> [apiv2][query] POST https://upload-firebasehosting.googleapis.com/upload/sites/service-assistant-a2z/versions/dc45e92c6b735c2e/files/2c4b8361b73f377e3fa624a3ebbe766ed0b7072eedfb85f10c86f5132c2809c0 [none]
[debug] [2022-02-25T08:24:51.943Z] >>> [apiv2][body] POST https://upload-firebasehosting.googleapis.com/upload/sites/service-assistant-a2z/versions/dc45e92c6b735c2e/files/2c4b8361b73f377e3fa624a3ebbe766ed0b7072eedfb85f10c86f5132c2809c0 [stream]
[debug] [2022-02-25T08:24:51.947Z] [hosting][populate queue][FINAL] {"max":1855,"min":1855,"avg":1855,"active":0,"complete":1,"success":1,"errored":0,"retried":0,"total":1,"elapsed":1871}
[debug] [2022-02-25T08:24:51.947Z] [hosting] uploads queued: 4
[debug] [2022-02-25T08:24:54.206Z] <<< [apiv2][status] POST https://upload-firebasehosting.googleapis.com/upload/sites/service-assistant-a2z/versions/dc45e92c6b735c2e/files/2c4b8361b73f377e3fa624a3ebbe766ed0b7072eedfb85f10c86f5132c2809c0 200
[debug] [2022-02-25T08:24:54.206Z] <<< [apiv2][body] POST https://upload-firebasehosting.googleapis.com/upload/sites/service-assistant-a2z/versions/dc45e92c6b735c2e/files/2c4b8361b73f377e3fa624a3ebbe766ed0b7072eedfb85f10c86f5132c2809c0 [stream]
[debug] [2022-02-25T08:24:55.585Z] <<< [apiv2][status] POST https://upload-firebasehosting.googleapis.com/upload/sites/service-assistant-a2z/versions/dc45e92c6b735c2e/files/bb0fe6695b8a1b2cd02b308c3f118d8182b15d2e508e93a2956cb17b8e99ae24 200
[debug] [2022-02-25T08:24:55.585Z] <<< [apiv2][body] POST https://upload-firebasehosting.googleapis.com/upload/sites/service-assistant-a2z/versions/dc45e92c6b735c2e/files/bb0fe6695b8a1b2cd02b308c3f118d8182b15d2e508e93a2956cb17b8e99ae24 [stream]
[debug] [2022-02-25T08:24:56.328Z] <<< [apiv2][status] POST https://upload-firebasehosting.googleapis.com/upload/sites/service-assistant-a2z/versions/dc45e92c6b735c2e/files/d9beb3739ef8eaa56c85e4d21ad1b23428a93a4b7112ddb9f0344fb6216640cb 200
[debug] [2022-02-25T08:24:56.328Z] <<< [apiv2][body] POST https://upload-firebasehosting.googleapis.com/upload/sites/service-assistant-a2z/versions/dc45e92c6b735c2e/files/d9beb3739ef8eaa56c85e4d21ad1b23428a93a4b7112ddb9f0344fb6216640cb [stream]
[debug] [2022-02-25T08:24:58.111Z] <<< [apiv2][status] POST https://upload-firebasehosting.googleapis.com/upload/sites/service-assistant-a2z/versions/dc45e92c6b735c2e/files/85d1b4d19f567b0f12abac0138a5763a360312c0d7da55cfddcdd0f834f6ca77 200
[debug] [2022-02-25T08:24:58.111Z] <<< [apiv2][body] POST https://upload-firebasehosting.googleapis.com/upload/sites/service-assistant-a2z/versions/dc45e92c6b735c2e/files/85d1b4d19f567b0f12abac0138a5763a360312c0d7da55cfddcdd0f834f6ca77 [stream]
[debug] [2022-02-25T08:24:58.112Z] [hosting][upload queue][FINAL] {"max":6183,"min":2275,"avg":4127.5,"active":0,"complete":4,"success":4,"errored":0,"retried":0,"total":4,"elapsed":6183}
[info] +  hosting[service-assistant-a2z]: file upload complete 
[debug] [2022-02-25T08:24:58.114Z] [hosting] deploy completed after 9196ms
[debug] [2022-02-25T08:24:58.125Z] [
  {
    "config": {
      "public": "build",
      "ignore": [
        "firebase.json",
        "**/.*",
        "**/node_modules/**"
      ],
      "rewrites": [
        {
          "source": "**",
          "destination": "/index.html"
        }
      ],
      "site": "service-assistant-a2z"
    },
    "site": "service-assistant-a2z",
    "version": "sites/service-assistant-a2z/versions/dc45e92c6b735c2e"
  }
]
[info] i  hosting[service-assistant-a2z]: finalizing version... 
[debug] [2022-02-25T08:24:58.128Z] > refreshing access token with scopes: ["email","https://www.googleapis.com/auth/cloud-platform","https://www.googleapis.com/auth/cloudplatformprojects.readonly","https://www.googleapis.com/auth/firebase","openid"]
[debug] [2022-02-25T08:24:58.129Z] >>> HTTP REQUEST POST https://www.googleapis.com/oauth2/v3/token  
 <request body omitted>
[debug] [2022-02-25T08:24:58.331Z] <<< HTTP RESPONSE 200 {"expires":"Mon, 01 Jan 1990 00:00:00 GMT","date":"Fri, 25 Feb 2022 08:25:00 GMT","cache-control":"no-cache, no-store, max-age=0, must-revalidate","pragma":"no-cache","content-type":"application/json; charset=utf-8","vary":"X-Origin, Referer, Origin,Accept-Encoding","server":"scaffolding on HTTPServer2","x-xss-protection":"0","x-frame-options":"SAMEORIGIN","x-content-type-options":"nosniff","alt-svc":"h3=\":443\"; ma=2592000,h3-29=\":443\"; ma=2592000,h3-Q050=\":443\"; ma=2592000,h3-Q046=\":443\"; ma=2592000,h3-Q043=\":443\"; ma=2592000,quic=\":443\"; ma=2592000; v=\"46,43\"","accept-ranges":"none","transfer-encoding":"chunked"}
[debug] [2022-02-25T08:24:58.346Z] >>> HTTP REQUEST PATCH https://firebasehosting.googleapis.com/v1beta1/sites/service-assistant-a2z/versions/dc45e92c6b735c2e?updateMask=status  
 {"status":"FINALIZED"}
[debug] [2022-02-25T08:24:59.860Z] <<< HTTP RESPONSE 200 {"content-type":"application/json; charset=UTF-8","vary":"X-Origin, Referer, Origin,Accept-Encoding","date":"Fri, 25 Feb 2022 08:25:01 GMT","server":"ESF","cache-control":"private","x-xss-protection":"0","x-frame-options":"SAMEORIGIN","x-content-type-options":"nosniff","alt-svc":"h3=\":443\"; ma=2592000,h3-29=\":443\"; ma=2592000,h3-Q050=\":443\"; ma=2592000,h3-Q046=\":443\"; ma=2592000,h3-Q043=\":443\"; ma=2592000,quic=\":443\"; ma=2592000; v=\"46,43\"","accept-ranges":"none","transfer-encoding":"chunked"}
[debug] [2022-02-25T08:24:59.861Z] [hosting] finalized version for service-assistant-a2z: {"name":"sites/service-assistant-a2z/versions/dc45e92c6b735c2e","status":"FINALIZED","config":{"rewrites":[{"glob":"**","path":"/index.html"}]},"labels":{"deployment-tool":"cli-firebase"},"createTime":"2022-02-25T08:24:50.483511Z","createUser":{"email":"iasir.arafat.riaz@gmail.com"},"finalizeTime":"2022-02-25T08:25:01.685026Z","finalizeUser":{"email":"iasir.arafat.riaz@gmail.com"}}
[info] +  hosting[service-assistant-a2z]: version finalized 
[info] i  hosting[service-assistant-a2z]: releasing new version... 
[debug] [2022-02-25T08:24:59.867Z] >>> HTTP REQUEST POST https://firebasehosting.googleapis.com/v1beta1/sites/service-assistant-a2z/releases?version_name=sites/service-assistant-a2z/versions/dc45e92c6b735c2e  
 {"message":null}
[debug] [2022-02-25T08:25:10.690Z] Error: socket hang up
    at connResetException (node:internal/errors:691:14)
    at TLSSocket.socketOnEnd (node:_http_client:471:23)
    at TLSSocket.emit (node:events:402:35)
    at TLSSocket.emit (node:domain:475:12)
    at endReadableNT (node:internal/streams/readable:1343:12)
    at processTicksAndRejections (node:internal/process/task_queues:83:21)
[error] 
[error] Error: Server Error. socket hang up
